0 info it worked if it ends with ok
1 verbose cli [ '/usr/local/node/bin/node',
1 verbose cli   '/usr/local/node/bin/npm',
1 verbose cli   'install',
1 verbose cli   'aws-ask',
1 verbose cli   'async',
1 verbose cli   'crypto',
1 verbose cli   'path',
1 verbose cli   '--savejc' ]
2 info using npm@1.4.28
3 info using node@v0.10.32
4 warn package.json hapi-technologies@1.0.0 No README data
5 warn package.json crypto@0.0.3 crypto is also the name of a node core module.
6 warn package.json path@0.4.9 path is also the name of a node core module.
7 verbose readDependencies using package.json deps
8 verbose cache add [ 'aws-ask', null ]
9 verbose cache add name=undefined spec="aws-ask" args=["aws-ask",null]
10 verbose parsed url { protocol: null,
10 verbose parsed url   slashes: null,
10 verbose parsed url   auth: null,
10 verbose parsed url   host: null,
10 verbose parsed url   port: null,
10 verbose parsed url   hostname: null,
10 verbose parsed url   hash: null,
10 verbose parsed url   search: null,
10 verbose parsed url   query: null,
10 verbose parsed url   pathname: 'aws-ask',
10 verbose parsed url   path: 'aws-ask',
10 verbose parsed url   href: 'aws-ask' }
11 verbose cache add [ 'async@^0.9.0', null ]
12 verbose cache add name=undefined spec="async@^0.9.0" args=["async@^0.9.0",null]
13 verbose parsed url { protocol: null,
13 verbose parsed url   slashes: null,
13 verbose parsed url   auth: null,
13 verbose parsed url   host: null,
13 verbose parsed url   port: null,
13 verbose parsed url   hostname: null,
13 verbose parsed url   hash: null,
13 verbose parsed url   search: null,
13 verbose parsed url   query: null,
13 verbose parsed url   pathname: 'async@^0.9.0',
13 verbose parsed url   path: 'async@^0.9.0',
13 verbose parsed url   href: 'async@^0.9.0' }
14 verbose cache add [ 'crypto@0.0.3', null ]
15 verbose cache add name=undefined spec="crypto@0.0.3" args=["crypto@0.0.3",null]
16 verbose parsed url { protocol: null,
16 verbose parsed url   slashes: null,
16 verbose parsed url   auth: null,
16 verbose parsed url   host: null,
16 verbose parsed url   port: null,
16 verbose parsed url   hostname: null,
16 verbose parsed url   hash: null,
16 verbose parsed url   search: null,
16 verbose parsed url   query: null,
16 verbose parsed url   pathname: 'crypto@0.0.3',
16 verbose parsed url   path: 'crypto@0.0.3',
16 verbose parsed url   href: 'crypto@0.0.3' }
17 verbose cache add [ 'path@^0.4.9', null ]
18 verbose cache add name=undefined spec="path@^0.4.9" args=["path@^0.4.9",null]
19 verbose parsed url { protocol: null,
19 verbose parsed url   slashes: null,
19 verbose parsed url   auth: null,
19 verbose parsed url   host: null,
19 verbose parsed url   port: null,
19 verbose parsed url   hostname: null,
19 verbose parsed url   hash: null,
19 verbose parsed url   search: null,
19 verbose parsed url   query: null,
19 verbose parsed url   pathname: 'path@^0.4.9',
19 verbose parsed url   path: 'path@^0.4.9',
19 verbose parsed url   href: 'path@^0.4.9' }
20 verbose cache add name="async" spec="^0.9.0" args=["async","^0.9.0"]
21 verbose parsed url { protocol: null,
21 verbose parsed url   slashes: null,
21 verbose parsed url   auth: null,
21 verbose parsed url   host: null,
21 verbose parsed url   port: null,
21 verbose parsed url   hostname: null,
21 verbose parsed url   hash: null,
21 verbose parsed url   search: null,
21 verbose parsed url   query: null,
21 verbose parsed url   pathname: '^0.9.0',
21 verbose parsed url   path: '^0.9.0',
21 verbose parsed url   href: '^0.9.0' }
22 verbose addNamed [ 'async', '^0.9.0' ]
23 verbose addNamed [ null, '>=0.9.0-0 <0.10.0-0' ]
24 verbose cache add name="crypto" spec="0.0.3" args=["crypto","0.0.3"]
25 verbose parsed url { protocol: null,
25 verbose parsed url   slashes: null,
25 verbose parsed url   auth: null,
25 verbose parsed url   host: null,
25 verbose parsed url   port: null,
25 verbose parsed url   hostname: null,
25 verbose parsed url   hash: null,
25 verbose parsed url   search: null,
25 verbose parsed url   query: null,
25 verbose parsed url   pathname: '0.0.3',
25 verbose parsed url   path: '0.0.3',
25 verbose parsed url   href: '0.0.3' }
26 verbose addNamed [ 'crypto', '0.0.3' ]
27 verbose addNamed [ '0.0.3', '0.0.3' ]
28 verbose cache add name="path" spec="^0.4.9" args=["path","^0.4.9"]
29 verbose parsed url { protocol: null,
29 verbose parsed url   slashes: null,
29 verbose parsed url   auth: null,
29 verbose parsed url   host: null,
29 verbose parsed url   port: null,
29 verbose parsed url   hostname: null,
29 verbose parsed url   hash: null,
29 verbose parsed url   search: null,
29 verbose parsed url   query: null,
29 verbose parsed url   pathname: '^0.4.9',
29 verbose parsed url   path: '^0.4.9',
29 verbose parsed url   href: '^0.4.9' }
30 verbose addNamed [ 'path', '^0.4.9' ]
31 verbose addNamed [ null, '>=0.4.9-0 <0.5.0-0' ]
32 silly lockFile 9a80283d-aws-ask aws-ask
33 verbose lock aws-ask /Users/mikeybadr/.npm/9a80283d-aws-ask.lock
34 silly lockFile 7f39d2c2-async-0-9-0 async@^0.9.0
35 verbose lock async@^0.9.0 /Users/mikeybadr/.npm/7f39d2c2-async-0-9-0.lock
36 silly lockFile 4d0ed277-crypto-0-0-3 crypto@0.0.3
37 verbose lock crypto@0.0.3 /Users/mikeybadr/.npm/4d0ed277-crypto-0-0-3.lock
38 silly lockFile 53b2dcf6-path-0-4-9 path@^0.4.9
39 verbose lock path@^0.4.9 /Users/mikeybadr/.npm/53b2dcf6-path-0-4-9.lock
40 silly addNameRange { name: 'async', range: '>=0.9.0-0 <0.10.0-0', hasData: false }
41 silly lockFile 9a80283d-aws-ask aws-ask
42 silly lockFile 9a80283d-aws-ask aws-ask
43 silly addNameRange { name: 'path', range: '>=0.4.9-0 <0.5.0-0', hasData: false }
44 verbose addNamed [ 'aws-ask', '' ]
45 verbose addNamed [ null, '*' ]
46 silly lockFile 377b778c-aws-ask aws-ask@
47 verbose lock aws-ask@ /Users/mikeybadr/.npm/377b778c-aws-ask.lock
48 silly addNameRange { name: 'aws-ask', range: '*', hasData: false }
49 verbose request where is /aws-ask
50 verbose request registry https://registry.npmjs.org/
51 verbose request id 7c4e6f6f704ae7aa
52 verbose url raw /aws-ask
53 verbose url resolving [ 'https://registry.npmjs.org/', './aws-ask' ]
54 verbose url resolved https://registry.npmjs.org/aws-ask
55 verbose request where is https://registry.npmjs.org/aws-ask
56 info trying registry request attempt 1 at 16:04:29
57 http GET https://registry.npmjs.org/aws-ask
58 verbose request where is /crypto
59 verbose request registry https://registry.npmjs.org/
60 verbose url raw /crypto
61 verbose url resolving [ 'https://registry.npmjs.org/', './crypto' ]
62 verbose url resolved https://registry.npmjs.org/crypto
63 verbose request where is https://registry.npmjs.org/crypto
64 info trying registry request attempt 1 at 16:04:29
65 verbose etag "59PWNF3F5376EOA29GROSPPUM"
66 http GET https://registry.npmjs.org/crypto
67 verbose request where is /path
68 verbose request registry https://registry.npmjs.org/
69 verbose url raw /path
70 verbose url resolving [ 'https://registry.npmjs.org/', './path' ]
71 verbose url resolved https://registry.npmjs.org/path
72 verbose request where is https://registry.npmjs.org/path
73 info trying registry request attempt 1 at 16:04:29
74 verbose etag "9MX3KUSEOLTUH3NBYESZX6025"
75 http GET https://registry.npmjs.org/path
76 verbose request where is /async
77 verbose request registry https://registry.npmjs.org/
78 verbose url raw /async
79 verbose url resolving [ 'https://registry.npmjs.org/', './async' ]
80 verbose url resolved https://registry.npmjs.org/async
81 verbose request where is https://registry.npmjs.org/async
82 info trying registry request attempt 1 at 16:04:29
83 verbose etag "686ZBKHWPECYC8NZGRG9B7T27"
84 http GET https://registry.npmjs.org/async
85 http 304 https://registry.npmjs.org/async
86 silly registry.get cb [ 304,
86 silly registry.get   { date: 'Sat, 06 Dec 2014 22:04:30 GMT',
86 silly registry.get     server: 'Apache',
86 silly registry.get     via: '1.1 varnish',
86 silly registry.get     'last-modified': 'Sat, 06 Dec 2014 22:04:30 GMT',
86 silly registry.get     'cache-control': 'max-age=60',
86 silly registry.get     etag: '"686ZBKHWPECYC8NZGRG9B7T27"',
86 silly registry.get     age: '3',
86 silly registry.get     'x-served-by': 'cache-jfk1025-JFK',
86 silly registry.get     'x-cache': 'HIT',
86 silly registry.get     'x-cache-hits': '1',
86 silly registry.get     'x-timer': 'S1417903470.200147,VS0,VE0',
86 silly registry.get     vary: 'Accept',
86 silly registry.get     'content-length': '0',
86 silly registry.get     'keep-alive': 'timeout=10, max=50',
86 silly registry.get     connection: 'Keep-Alive' } ]
87 verbose etag https://registry.npmjs.org/async from cache
88 http 304 https://registry.npmjs.org/path
89 silly registry.get cb [ 304,
89 silly registry.get   { date: 'Sat, 06 Dec 2014 22:04:30 GMT',
89 silly registry.get     server: 'Apache',
89 silly registry.get     via: '1.1 varnish',
89 silly registry.get     'last-modified': 'Sat, 06 Dec 2014 22:04:30 GMT',
89 silly registry.get     'cache-control': 'max-age=60',
89 silly registry.get     etag: '"9MX3KUSEOLTUH3NBYESZX6025"',
89 silly registry.get     age: '0',
89 silly registry.get     'x-served-by': 'cache-jfk1028-JFK',
89 silly registry.get     'x-cache': 'HIT',
89 silly registry.get     'x-cache-hits': '1',
89 silly registry.get     'x-timer': 'S1417903470.200984,VS0,VE14',
89 silly registry.get     vary: 'Accept',
89 silly registry.get     'content-length': '0',
89 silly registry.get     'keep-alive': 'timeout=10, max=50',
89 silly registry.get     connection: 'Keep-Alive' } ]
90 verbose etag https://registry.npmjs.org/path from cache
91 http 304 https://registry.npmjs.org/crypto
92 silly registry.get cb [ 304,
92 silly registry.get   { date: 'Sat, 06 Dec 2014 22:04:30 GMT',
92 silly registry.get     server: 'Apache',
92 silly registry.get     via: '1.1 varnish',
92 silly registry.get     'last-modified': 'Sat, 06 Dec 2014 22:04:30 GMT',
92 silly registry.get     'cache-control': 'max-age=60',
92 silly registry.get     etag: '"59PWNF3F5376EOA29GROSPPUM"',
92 silly registry.get     age: '0',
92 silly registry.get     'x-served-by': 'cache-jfk1032-JFK',
92 silly registry.get     'x-cache': 'HIT',
92 silly registry.get     'x-cache-hits': '1',
92 silly registry.get     'x-timer': 'S1417903470.205745,VS0,VE13',
92 silly registry.get     vary: 'Accept',
92 silly registry.get     'content-length': '0',
92 silly registry.get     'keep-alive': 'timeout=10, max=50',
92 silly registry.get     connection: 'Keep-Alive' } ]
93 verbose etag https://registry.npmjs.org/crypto from cache
94 silly addNameRange number 2 { name: 'async', range: '>=0.9.0-0 <0.10.0-0', hasData: true }
95 silly addNameRange versions [ 'async',
95 silly addNameRange   [ '0.1.0',
95 silly addNameRange     '0.1.1',
95 silly addNameRange     '0.1.2',
95 silly addNameRange     '0.1.3',
95 silly addNameRange     '0.1.4',
95 silly addNameRange     '0.1.5',
95 silly addNameRange     '0.1.6',
95 silly addNameRange     '0.1.7',
95 silly addNameRange     '0.1.8',
95 silly addNameRange     '0.1.9',
95 silly addNameRange     '0.1.10',
95 silly addNameRange     '0.1.11',
95 silly addNameRange     '0.1.12',
95 silly addNameRange     '0.1.13',
95 silly addNameRange     '0.1.14',
95 silly addNameRange     '0.1.15',
95 silly addNameRange     '0.1.16',
95 silly addNameRange     '0.1.17',
95 silly addNameRange     '0.1.18',
95 silly addNameRange     '0.1.19',
95 silly addNameRange     '0.1.20',
95 silly addNameRange     '0.1.21',
95 silly addNameRange     '0.1.22',
95 silly addNameRange     '0.2.0',
95 silly addNameRange     '0.2.1',
95 silly addNameRange     '0.2.2',
95 silly addNameRange     '0.2.3',
95 silly addNameRange     '0.2.4',
95 silly addNameRange     '0.2.5',
95 silly addNameRange     '0.2.6',
95 silly addNameRange     '0.2.7',
95 silly addNameRange     '0.2.8',
95 silly addNameRange     '0.2.9',
95 silly addNameRange     '0.2.10',
95 silly addNameRange     '0.3.0',
95 silly addNameRange     '0.4.0',
95 silly addNameRange     '0.4.1',
95 silly addNameRange     '0.5.0',
95 silly addNameRange     '0.6.0',
95 silly addNameRange     '0.6.1',
95 silly addNameRange     '0.6.2',
95 silly addNameRange     '0.7.0',
95 silly addNameRange     '0.8.0',
95 silly addNameRange     '0.9.0' ] ]
96 verbose addNamed [ 'async', '0.9.0' ]
97 verbose addNamed [ '0.9.0', '0.9.0' ]
98 silly lockFile 9a58a886-async-0-9-0 async@0.9.0
99 verbose lock async@0.9.0 /Users/mikeybadr/.npm/9a58a886-async-0-9-0.lock
100 silly addNameRange number 2 { name: 'path', range: '>=0.4.9-0 <0.5.0-0', hasData: true }
101 silly addNameRange versions [ 'path', [ '0.4.9' ] ]
102 verbose addNamed [ 'path', '0.4.9' ]
103 verbose addNamed [ '0.4.9', '0.4.9' ]
104 silly lockFile f9561765-path-0-4-9 path@0.4.9
105 verbose lock path@0.4.9 /Users/mikeybadr/.npm/f9561765-path-0-4-9.lock
106 silly lockFile 4d0ed277-crypto-0-0-3 crypto@0.0.3
107 silly lockFile 4d0ed277-crypto-0-0-3 crypto@0.0.3
108 silly lockFile f9561765-path-0-4-9 path@0.4.9
109 silly lockFile f9561765-path-0-4-9 path@0.4.9
110 silly lockFile 53b2dcf6-path-0-4-9 path@^0.4.9
111 silly lockFile 53b2dcf6-path-0-4-9 path@^0.4.9
112 silly lockFile 9a58a886-async-0-9-0 async@0.9.0
113 silly lockFile 9a58a886-async-0-9-0 async@0.9.0
114 silly lockFile 7f39d2c2-async-0-9-0 async@^0.9.0
115 silly lockFile 7f39d2c2-async-0-9-0 async@^0.9.0
116 http 404 https://registry.npmjs.org/aws-ask
117 verbose headers { date: 'Sat, 06 Dec 2014 22:04:30 GMT',
117 verbose headers   server: 'CouchDB/1.5.0 (Erlang OTP/R16B03)',
117 verbose headers   'content-type': 'application/json',
117 verbose headers   'cache-control': 'max-age=0',
117 verbose headers   'content-length': '52',
117 verbose headers   'accept-ranges': 'bytes',
117 verbose headers   via: '1.1 varnish',
117 verbose headers   age: '0',
117 verbose headers   'x-served-by': 'cache-jfk1026-JFK',
117 verbose headers   'x-cache': 'MISS',
117 verbose headers   'x-cache-hits': '0',
117 verbose headers   'x-timer': 'S1417903470.206540,VS0,VE86',
117 verbose headers   'keep-alive': 'timeout=10, max=50',
117 verbose headers   connection: 'Keep-Alive' }
118 silly registry.get cb [ 404,
118 silly registry.get   { date: 'Sat, 06 Dec 2014 22:04:30 GMT',
118 silly registry.get     server: 'CouchDB/1.5.0 (Erlang OTP/R16B03)',
118 silly registry.get     'content-type': 'application/json',
118 silly registry.get     'cache-control': 'max-age=0',
118 silly registry.get     'content-length': '52',
118 silly registry.get     'accept-ranges': 'bytes',
118 silly registry.get     via: '1.1 varnish',
118 silly registry.get     age: '0',
118 silly registry.get     'x-served-by': 'cache-jfk1026-JFK',
118 silly registry.get     'x-cache': 'MISS',
118 silly registry.get     'x-cache-hits': '0',
118 silly registry.get     'x-timer': 'S1417903470.206540,VS0,VE86',
118 silly registry.get     'keep-alive': 'timeout=10, max=50',
118 silly registry.get     connection: 'Keep-Alive' } ]
119 silly lockFile 377b778c-aws-ask aws-ask@
120 silly lockFile 377b778c-aws-ask aws-ask@
121 error 404 404 Not Found: aws-ask
121 error 404
121 error 404 'aws-ask' is not in the npm registry.
121 error 404 You should bug the author to publish it
121 error 404 It was specified as a dependency of 'hapi-technologies'
121 error 404
121 error 404 Note that you can also install from a
121 error 404 tarball, folder, or http url, or git url.
122 error System Darwin 14.0.0
123 error command "/usr/local/node/bin/node" "/usr/local/node/bin/npm" "install" "aws-ask" "async" "crypto" "path" "--savejc"
124 error cwd /Users/mikeybadr/Documents/Code/notetaker-1
125 error node -v v0.10.32
126 error npm -v 1.4.28
127 error code E404
128 verbose exit [ 1, true ]
